Build started 8/17/2012 4:40:50 PM.
     1>Project "D:\tpickell\Documents\GitHub\programmingIII\Week2\Week2\Week2.vcxproj" on node 2 (build target(s)).
     1>InitializeBuildStatus:
         Creating "Debug\Week2.unsuccessfulbuild" because "AlwaysCreate" was specified.
       GenerateTargetFrameworkMonikerAttribute:
       Skipping target "GenerateTargetFrameworkMonikerAttribute" because all output files are up-to-date with respect to the input files.
       ClCompile:
         All outputs are up-to-date.
         C:\Program Files (x86)\Microsoft Visual Studio 10.0\VC\bin\CL.exe /c /AI"C:\Program Files (x86)\Reference Assemblies\Microsoft\Framework\.NETFramework\v4.0" /Zi /clr /nologo /W3 /WX- /Od /Oy- /D WIN32 /D _DEBUG /D _UNICODE /D UNICODE /EHa /MDd /GS /fp:precise /Zc:wchar_t /Zc:forScope /Yu"StdAfx.h" /Fp"Debug\Week2.pch" /Fo"Debug\\" /Fd"Debug\vc100.pdb" /TP /FU"C:\Program Files (x86)\Reference Assemblies\Microsoft\Framework\.NETFramework\v4.0\System.Core.dll" /FU"C:\Program Files (x86)\Reference Assemblies\Microsoft\Framework\.NETFramework\v4.0\System.Data.dll" /FU"C:\Program Files (x86)\Reference Assemblies\Microsoft\Framework\.NETFramework\v4.0\System.dll" /FU"C:\Program Files (x86)\Reference Assemblies\Microsoft\Framework\.NETFramework\v4.0\System.Xml.dll" /analyze- /errorReport:prompt Week2.cpp /clr:nostdlib 
         Week2.cpp
     1>Week2.cpp(37): warning C4996: 'ctime': This function or variable may be unsafe. Consider using ctime_s instead. To disable deprecation, use _CRT_SECURE_NO_WARNINGS. See online help for details.
                 C:\Program Files (x86)\Microsoft Visual Studio 10.0\VC\include\time.inl(86) : see declaration of 'ctime'
     1>Week2.cpp(58): warning C4018: '<' : signed/unsigned mismatch
         All outputs are up-to-date.
       ResourceCompile:
         All outputs are up-to-date.
       Link:
         C:\Program Files (x86)\Microsoft Visual Studio 10.0\VC\bin\link.exe /ERRORREPORT:PROMPT /OUT:"D:\tpickell\Documents\GitHub\programmingIII\Week2\Debug\Week2.exe" /INCREMENTAL /NOLOGO /MANIFEST /ManifestFile:"Debug\Week2.exe.intermediate.manifest" /MANIFESTUAC:"level='asInvoker' uiAccess='false'" /DEBUG /PDB:"D:\tpickell\Documents\GitHub\programmingIII\Week2\Debug\Week2.pdb" /ASSEMBLYDEBUG /TLBID:1 /DYNAMICBASE /FIXED:NO /NXCOMPAT /MACHINE:X86 Debug\app.res
         Debug\AssemblyInfo.obj
         Debug\fileHandler.obj
         Debug\stdafx.obj
         Debug\Week2.obj
         "Debug\.NETFramework,Version=v4.0.AssemblyAttributes.obj"
         Week2.vcxproj -> D:\tpickell\Documents\GitHub\programmingIII\Week2\Debug\Week2.exe
       Manifest:
         C:\Program Files (x86)\Microsoft SDKs\Windows\v7.0A\bin\mt.exe /nologo /verbose /outputresource:"D:\tpickell\Documents\GitHub\programmingIII\Week2\Debug\Week2.exe;#1" /manifest Debug\Week2.exe.intermediate.manifest
       FinalizeBuildStatus:
         Deleting file "Debug\Week2.unsuccessfulbuild".
         Touching "Debug\Week2.lastbuildstate".
     1>Done Building Project "D:\tpickell\Documents\GitHub\programmingIII\Week2\Week2\Week2.vcxproj" (build target(s)).

Build succeeded.

Time Elapsed 00:00:01.43
