Build started 8/30/2012 9:36:53 AM.
     1>Project "D:\tpickell\Documents\GitHub\programmingIII\finalProjectClasses\Week2\Week2.vcxproj" on node 2 (build target(s)).
     1>InitializeBuildStatus:
         Creating "Release\Week2.unsuccessfulbuild" because "AlwaysCreate" was specified.
       GenerateTargetFrameworkMonikerAttribute:
       Skipping target "GenerateTargetFrameworkMonikerAttribute" because all output files are up-to-date with respect to the input files.
       ClCompile:
         C:\Program Files (x86)\Microsoft Visual Studio 10.0\VC\bin\CL.exe /c /AI"C:\Program Files (x86)\Reference Assemblies\Microsoft\Framework\.NETFramework\v4.0" /Zi /clr /nologo /W3 /WX- /O2 /Oy- /D WIN32 /D NDEBUG /D _UNICODE /D UNICODE /EHa /MD /GS /fp:precise /Zc:wchar_t /Zc:forScope /Yc"StdAfx.h" /Fp"Release\Week2.pch" /Fo"Release\\" /Fd"Release\vc100.pdb" /TP /FU"C:\Program Files (x86)\Reference Assemblies\Microsoft\Framework\.NETFramework\v4.0\System.Core.dll" /FU"C:\Program Files (x86)\Reference Assemblies\Microsoft\Framework\.NETFramework\v4.0\System.Data.dll" /FU"C:\Program Files (x86)\Reference Assemblies\Microsoft\Framework\.NETFramework\v4.0\System.dll" /FU"C:\Program Files (x86)\Reference Assemblies\Microsoft\Framework\.NETFramework\v4.0\System.Xml.dll" /analyze- /errorReport:prompt stdafx.cpp /clr:nostdlib 
         stdafx.cpp
         C:\Program Files (x86)\Microsoft Visual Studio 10.0\VC\bin\CL.exe /c /AI"C:\Program Files (x86)\Reference Assemblies\Microsoft\Framework\.NETFramework\v4.0" /Zi /clr /nologo /W3 /WX- /O2 /Oy- /D WIN32 /D NDEBUG /D _UNICODE /D UNICODE /EHa /MD /GS /fp:precise /Zc:wchar_t /Zc:forScope /Yu"StdAfx.h" /Fp"Release\Week2.pch" /Fo"Release\\" /Fd"Release\vc100.pdb" /TP /FU"C:\Program Files (x86)\Reference Assemblies\Microsoft\Framework\.NETFramework\v4.0\System.Core.dll" /FU"C:\Program Files (x86)\Reference Assemblies\Microsoft\Framework\.NETFramework\v4.0\System.Data.dll" /FU"C:\Program Files (x86)\Reference Assemblies\Microsoft\Framework\.NETFramework\v4.0\System.dll" /FU"C:\Program Files (x86)\Reference Assemblies\Microsoft\Framework\.NETFramework\v4.0\System.Xml.dll" /analyze- /errorReport:prompt AssemblyInfo.cpp fileHandler.cpp item.cpp Week2.cpp /clr:nostdlib 
         AssemblyInfo.cpp
         fileHandler.cpp
     1>fileHandler.cpp(80): warning C4018: '<' : signed/unsigned mismatch
         item.cpp
         Week2.cpp
     1>Week2.cpp(34): warning C4129: 'D' : unrecognized character escape sequence
     1>Week2.cpp(34): warning C4129: 's' : unrecognized character escape sequence
     1>Week2.cpp(39): warning C4018: '<' : signed/unsigned mismatch
     1>Week2.cpp(93): warning C4018: '<' : signed/unsigned mismatch
         Generating Code...
         C:\Program Files (x86)\Microsoft Visual Studio 10.0\VC\bin\CL.exe /c /Zi /clr /nologo /W3 /WX- /O2 /Oy- /D WIN32 /D NDEBUG /D _UNICODE /D UNICODE /EHa /MD /GS /fp:precise /Zc:wchar_t /Zc:forScope /Fo"Release\\" /Fd"Release\vc100.pdb" /TP /analyze- /errorReport:prompt "D:\Temp\.NETFramework,Version=v4.0.AssemblyAttributes.cpp"
         .NETFramework,Version=v4.0.AssemblyAttributes.cpp
       ResourceCompile:
         C:\Program Files (x86)\Microsoft SDKs\Windows\v7.0A\bin\rc.exe /D _UNICODE /D UNICODE /l"0x0409" /nologo /fo"Release\app.res" app.rc 
       Link:
         C:\Program Files (x86)\Microsoft Visual Studio 10.0\VC\bin\link.exe /ERRORREPORT:PROMPT /OUT:"D:\tpickell\Documents\GitHub\programmingIII\finalProjectClasses\Release\Week2.exe" /INCREMENTAL:NO /NOLOGO /MANIFEST /ManifestFile:"Release\Week2.exe.intermediate.manifest" /MANIFESTUAC:"level='asInvoker' uiAccess='false'" /DEBUG /PDB:"D:\tpickell\Documents\GitHub\programmingIII\finalProjectClasses\Release\Week2.pdb" /TLBID:1 /DYNAMICBASE /FIXED:NO /NXCOMPAT /MACHINE:X86 Release\app.res
         Release\AssemblyInfo.obj
         Release\fileHandler.obj
         Release\item.obj
         Release\stdafx.obj
         Release\Week2.obj
         "Release\.NETFramework,Version=v4.0.AssemblyAttributes.obj"
         Week2.vcxproj -> D:\tpickell\Documents\GitHub\programmingIII\finalProjectClasses\Release\Week2.exe
       Manifest:
         C:\Program Files (x86)\Microsoft SDKs\Windows\v7.0A\bin\mt.exe /nologo /verbose /outputresource:"D:\tpickell\Documents\GitHub\programmingIII\finalProjectClasses\Release\Week2.exe;#1" /manifest Release\Week2.exe.intermediate.manifest
       FinalizeBuildStatus:
         Deleting file "Release\Week2.unsuccessfulbuild".
         Touching "Release\Week2.lastbuildstate".
     1>Done Building Project "D:\tpickell\Documents\GitHub\programmingIII\finalProjectClasses\Week2\Week2.vcxproj" (build target(s)).

Build succeeded.

Time Elapsed 00:00:03.10
