Build started 9/23/2012 9:14:19 AM.
     1>Project "D:\tpickell\Documents\GitHub\programmingIII\StackBubbleSort\StackBubbleSort\StackBubbleSort.vcxproj" on node 2 (build target(s)).
     1>InitializeBuildStatus:
         Creating "Debug\StackBubbleSort.unsuccessfulbuild" because "AlwaysCreate" was specified.
       GenerateTargetFrameworkMonikerAttribute:
       Skipping target "GenerateTargetFrameworkMonikerAttribute" because all output files are up-to-date with respect to the input files.
       ClCompile:
         All outputs are up-to-date.
         C:\Program Files (x86)\Microsoft Visual Studio 10.0\VC\bin\CL.exe /c /AI"C:\Program Files (x86)\Reference Assemblies\Microsoft\Framework\.NETFramework\v4.0" /Zi /clr /nologo /W3 /WX- /Od /Oy- /D WIN32 /D _DEBUG /D _UNICODE /D UNICODE /EHa /MDd /GS /fp:precise /Zc:wchar_t /Zc:forScope /Yu"StdAfx.h" /Fp"Debug\StackBubbleSort.pch" /Fo"Debug\\" /Fd"Debug\vc100.pdb" /TP /FU"C:\Program Files (x86)\Reference Assemblies\Microsoft\Framework\.NETFramework\v4.0\System.Core.dll" /FU"C:\Program Files (x86)\Reference Assemblies\Microsoft\Framework\.NETFramework\v4.0\System.Data.dll" /FU"C:\Program Files (x86)\Reference Assemblies\Microsoft\Framework\.NETFramework\v4.0\System.dll" /FU"C:\Program Files (x86)\Reference Assemblies\Microsoft\Framework\.NETFramework\v4.0\System.Xml.dll" /analyze- /errorReport:prompt StackBubbleSort.cpp /clr:nostdlib 
         StackBubbleSort.cpp
         All outputs are up-to-date.
       ResourceCompile:
         All outputs are up-to-date.
       Link:
         C:\Program Files (x86)\Microsoft Visual Studio 10.0\VC\bin\link.exe /ERRORREPORT:PROMPT /OUT:"D:\tpickell\Documents\GitHub\programmingIII\StackBubbleSort\Debug\StackBubbleSort.exe" /INCREMENTAL /NOLOGO /MANIFEST /ManifestFile:"Debug\StackBubbleSort.exe.intermediate.manifest" /MANIFESTUAC:"level='asInvoker' uiAccess='false'" /DEBUG /PDB:"D:\tpickell\Documents\GitHub\programmingIII\StackBubbleSort\Debug\StackBubbleSort.pdb" /ASSEMBLYDEBUG /TLBID:1 /DYNAMICBASE /FIXED:NO /NXCOMPAT /MACHINE:X86 Debug\app.res
         Debug\AssemblyInfo.obj
         Debug\StackBubbleSort.obj
         Debug\stdafx.obj
         "Debug\.NETFramework,Version=v4.0.AssemblyAttributes.obj"
         StackBubbleSort.vcxproj -> D:\tpickell\Documents\GitHub\programmingIII\StackBubbleSort\Debug\StackBubbleSort.exe
       Manifest:
         C:\Program Files (x86)\Microsoft SDKs\Windows\v7.0A\bin\mt.exe /nologo /verbose /outputresource:"D:\tpickell\Documents\GitHub\programmingIII\StackBubbleSort\Debug\StackBubbleSort.exe;#1" /manifest Debug\StackBubbleSort.exe.intermediate.manifest
       FinalizeBuildStatus:
         Deleting file "Debug\StackBubbleSort.unsuccessfulbuild".
         Touching "Debug\StackBubbleSort.lastbuildstate".
     1>Done Building Project "D:\tpickell\Documents\GitHub\programmingIII\StackBubbleSort\StackBubbleSort\StackBubbleSort.vcxproj" (build target(s)).

Build succeeded.

Time Elapsed 00:00:01.18
