Build started 9/16/2012 7:06:01 PM.
     1>Project "D:\tpickell\Documents\GitHub\programmingIII\week5\week5\week5.vcxproj" on node 2 (build target(s)).
     1>InitializeBuildStatus:
         Creating "Debug\week5.unsuccessfulbuild" because "AlwaysCreate" was specified.
       GenerateTargetFrameworkMonikerAttribute:
       Skipping target "GenerateTargetFrameworkMonikerAttribute" because all output files are up-to-date with respect to the input files.
       ClCompile:
         All outputs are up-to-date.
         C:\Program Files (x86)\Microsoft Visual Studio 10.0\VC\bin\CL.exe /c /AI"C:\Program Files (x86)\Reference Assemblies\Microsoft\Framework\.NETFramework\v4.0" /Zi /clr /nologo /W3 /WX- /Od /Oy- /D WIN32 /D _DEBUG /D _UNICODE /D UNICODE /EHa /MDd /GS /fp:precise /Zc:wchar_t /Zc:forScope /Yu"StdAfx.h" /Fp"Debug\week5.pch" /Fo"Debug\\" /Fd"Debug\vc100.pdb" /TP /FU"C:\Program Files (x86)\Reference Assemblies\Microsoft\Framework\.NETFramework\v4.0\System.Core.dll" /FU"C:\Program Files (x86)\Reference Assemblies\Microsoft\Framework\.NETFramework\v4.0\System.Data.dll" /FU"C:\Program Files (x86)\Reference Assemblies\Microsoft\Framework\.NETFramework\v4.0\System.dll" /FU"C:\Program Files (x86)\Reference Assemblies\Microsoft\Framework\.NETFramework\v4.0\System.Xml.dll" /analyze- /errorReport:prompt week5.cpp /clr:nostdlib 
         week5.cpp
         All outputs are up-to-date.
       ResourceCompile:
         All outputs are up-to-date.
       Link:
         C:\Program Files (x86)\Microsoft Visual Studio 10.0\VC\bin\link.exe /ERRORREPORT:PROMPT /OUT:"D:\tpickell\Documents\GitHub\programmingIII\week5\Debug\week5.exe" /INCREMENTAL /NOLOGO /MANIFEST /ManifestFile:"Debug\week5.exe.intermediate.manifest" /MANIFESTUAC:"level='asInvoker' uiAccess='false'" /DEBUG /PDB:"D:\tpickell\Documents\GitHub\programmingIII\week5\Debug\week5.pdb" /ASSEMBLYDEBUG /TLBID:1 /DYNAMICBASE /FIXED:NO /NXCOMPAT /MACHINE:X86 Debug\app.res
         Debug\AssemblyInfo.obj
         Debug\DLList.obj
         Debug\stdafx.obj
         Debug\week5.obj
         "Debug\.NETFramework,Version=v4.0.AssemblyAttributes.obj"
         week5.vcxproj -> D:\tpickell\Documents\GitHub\programmingIII\week5\Debug\week5.exe
       Manifest:
         C:\Program Files (x86)\Microsoft SDKs\Windows\v7.0A\bin\mt.exe /nologo /verbose /outputresource:"D:\tpickell\Documents\GitHub\programmingIII\week5\Debug\week5.exe;#1" /manifest Debug\week5.exe.intermediate.manifest
       FinalizeBuildStatus:
         Deleting file "Debug\week5.unsuccessfulbuild".
         Touching "Debug\week5.lastbuildstate".
     1>Done Building Project "D:\tpickell\Documents\GitHub\programmingIII\week5\week5\week5.vcxproj" (build target(s)).

Build succeeded.

Time Elapsed 00:00:00.80
