Build started 8/23/2012 4:01:15 PM.
     1>Project "D:\tpickell\Documents\GitHub\programmingIII\finalProjectClasses\Week2\Week2.vcxproj" on node 2 (build target(s)).
     1>InitializeBuildStatus:
         Touching "Debug\Week2.unsuccessfulbuild".
       GenerateTargetFrameworkMonikerAttribute:
       Skipping target "GenerateTargetFrameworkMonikerAttribute" because all output files are up-to-date with respect to the input files.
       ClCompile:
         All outputs are up-to-date.
         C:\Program Files (x86)\Microsoft Visual Studio 10.0\VC\bin\CL.exe /c /AI"C:\Program Files (x86)\Reference Assemblies\Microsoft\Framework\.NETFramework\v4.0" /Zi /clr /nologo /W3 /WX- /Od /Oy- /D WIN32 /D _DEBUG /D _UNICODE /D UNICODE /EHa /MDd /GS /fp:precise /Zc:wchar_t /Zc:forScope /Yu"StdAfx.h" /Fp"Debug\Week2.pch" /Fo"Debug\\" /Fd"Debug\vc100.pdb" /TP /FU"C:\Program Files (x86)\Reference Assemblies\Microsoft\Framework\.NETFramework\v4.0\System.Core.dll" /FU"C:\Program Files (x86)\Reference Assemblies\Microsoft\Framework\.NETFramework\v4.0\System.Data.dll" /FU"C:\Program Files (x86)\Reference Assemblies\Microsoft\Framework\.NETFramework\v4.0\System.dll" /FU"C:\Program Files (x86)\Reference Assemblies\Microsoft\Framework\.NETFramework\v4.0\System.Xml.dll" /analyze- /errorReport:prompt item.cpp /clr:nostdlib 
         item.cpp
     1>item.cpp(47): error C2664: 'strtok' : cannot convert parameter 1 from 'std::string' to 'char *'
                 No user-defined-conversion operator available that can perform this conversion, or the operator cannot be called
     1>item.cpp(54): error C2370: 'myMutableArray' : redefinition; different storage class
                 item.cpp(44) : see declaration of 'myMutableArray'
     1>item.cpp(60): error C2079: 'streamIn' uses undefined class 'std::basic_stringstream<_Elem,_Traits,_Alloc>'
                 with
                 [
                     _Elem=char,
                     _Traits=std::char_traits<char>,
                     _Alloc=std::allocator<char>
                 ]
     1>item.cpp(60): error C2440: 'initializing' : cannot convert from 'std::string' to 'int'
                 No user-defined-conversion operator available that can perform this conversion, or the operator cannot be called
     1>Done Building Project "D:\tpickell\Documents\GitHub\programmingIII\finalProjectClasses\Week2\Week2.vcxproj" (build target(s)) -- FAILED.

Build FAILED.

Time Elapsed 00:00:00.92
